<?xml version="1.0" encoding="UTF-8"?>
<!-- Generated by org.testng.reporters.JUnitXMLReporter -->
<testsuite hostname="LAPTOP-I9MDT5IG" name="Default test" tests="3" failures="0" timestamp="29 Sep 2020 09:02:22 GMT" time="0.051" errors="0">
  <testcase name="check" time="0.018" classname="Vikashacademy.Mavenjava1.SeleniumTest"/>
  <testcase name="login" time="0.001" classname="Vikashacademy.Mavenjava1.SeleniumTest"/>
  <testcase name="uiScreen" time="0.001" classname="Vikashacademy.Mavenjava1.SeleniumTest"/>
</testsuite> <!-- Default test -->
