<?xml version="1.0" encoding="UTF-8"?>
<!-- Generated by org.testng.reporters.JUnitXMLReporter -->
<testsuite hostname="LAPTOP-I9MDT5IG" ignored="1" name="Test" tests="2" failures="0" timestamp="29 Sep 2020 09:01:50 GMT" time="0.035" errors="0">
  <testcase name="login" time="0.008" classname="Vikashacademy.Mavenjava1.SeleniumTest"/>
  <testcase name="uiScreen" time="0.0" classname="Vikashacademy.Mavenjava1.SeleniumTest"/>
  <testcase name="check" time="0.0" classname="Vikashacademy.Mavenjava1.SeleniumTest">
    <ignored/>
  </testcase> <!-- check -->
</testsuite> <!-- Test -->
