<?xml version="1.0" encoding="UTF-8"?>
<testsuite xmlns:xsi="http://www.w3.org/2001/XMLSchema-instance" xsi:noNamespaceSchemaLocation="https://maven.apache.org/surefire/maven-surefire-plugin/xsd/surefire-test-report-3.0.xsd" version="3.0" name="TestSuite" time="0.635" tests="2" errors="0" skipped="0" failures="0">
  <properties>
[...]
</properties>
  <testcase name="login" classname="Vikashacademy.Mavenjava1.SeleniumTest" time="0.008">
    <system-out><![CDATA[login method
]]></system-out>
  </testcase>
  <testcase name="uiScreen" classname="Vikashacademy.Mavenjava1.SeleniumTest" time="0">
    <system-out><![CDATA[Here I Test UI Screen
]]></system-out>
  </testcase>
</testsuite>