<?xml version="1.0" encoding="UTF-8"?>
<testng-results skipped="0" failed="0" ignored="1" total="3" passed="2">
  <reporter-output>
  </reporter-output>
  <suite name="Suite" duration-ms="35" started-at="2020-09-29T09:01:50Z" finished-at="2020-09-29T09:01:50Z">
    <groups>
    </groups>
    <test name="Test" duration-ms="35" started-at="2020-09-29T09:01:50Z" finished-at="2020-09-29T09:01:50Z">
      <class name="Vikashacademy.Mavenjava1.SeleniumTest">
        <test-method status="PASS" signature="login()[pri:0, instance:Vikashacademy.Mavenjava1.SeleniumTest@12050f6]" name="login" duration-ms="8" started-at="2020-09-29T14:31:50Z" finished-at="2020-09-29T14:31:50Z">
          <reporter-output>
          </reporter-output>
        </test-method> <!-- login -->
        <test-method status="PASS" signature="uiScreen()[pri:0, instance:Vikashacademy.Mavenjava1.SeleniumTest@12050f6]" name="uiScreen" duration-ms="0" started-at="2020-09-29T14:31:50Z" finished-at="2020-09-29T14:31:50Z">
          <reporter-output>
          </reporter-output>
        </test-method> <!-- uiScreen -->
      </class> <!-- Vikashacademy.Mavenjava1.SeleniumTest -->
    </test> <!-- Test -->
  </suite> <!-- Suite -->
</testng-results>
