<?xml version="1.0" encoding="UTF-8"?>
<testng-results skipped="0" failed="0" total="2" passed="2">
  <reporter-output>
  </reporter-output>
  <suite name="Suite" duration-ms="44" started-at="2020-09-29T09:02:32Z" finished-at="2020-09-29T09:02:32Z">
    <groups>
    </groups>
    <test name="Test" duration-ms="44" started-at="2020-09-29T09:02:32Z" finished-at="2020-09-29T09:02:32Z">
      <class name="Vikashacademy.Mavenjava1.SeleniumTest">
        <test-method status="PASS" signature="login()[pri:0, instance:Vikashacademy.Mavenjava1.SeleniumTest@34d63f]" name="login" duration-ms="17" started-at="2020-09-29T14:32:32Z" finished-at="2020-09-29T14:32:32Z">
          <reporter-output>
          </reporter-output>
        </test-method> <!-- login -->
        <test-method status="PASS" signature="uiScreen()[pri:0, instance:Vikashacademy.Mavenjava1.SeleniumTest@34d63f]" name="uiScreen" duration-ms="1" started-at="2020-09-29T14:32:32Z" finished-at="2020-09-29T14:32:32Z">
          <reporter-output>
          </reporter-output>
        </test-method> <!-- uiScreen -->
      </class> <!-- Vikashacademy.Mavenjava1.SeleniumTest -->
    </test> <!-- Test -->
  </suite> <!-- Suite -->
</testng-results>
